<?xml version="1.0" encoding="UTF-8"?>
<testng-results ignored="0" total="1" passed="1" failed="0" skipped="0">
  <reporter-output>
  </reporter-output>
  <suite started-at="2022-07-23T23:16:17 AST" name="Default suite" finished-at="2022-07-23T23:16:31 AST" duration-ms="14070">
    <groups>
    </groups>
    <test started-at="2022-07-23T23:16:17 AST" name="Default test" finished-at="2022-07-23T23:16:31 AST" duration-ms="14070">
      <class name="WebElement.chromWebDriver">
        <test-method signature="chrom()[pri:0, instance:WebElement.chromWebDriver@fdefd3f]" started-at="2022-07-23T23:16:17 AST" name="chrom" finished-at="2022-07-23T23:16:31 AST" duration-ms="14051" status="PASS">
          <reporter-output>
          </reporter-output>
        </test-method> <!-- chrom -->
      </class> <!-- WebElement.chromWebDriver -->
    </test> <!-- Default test -->
  </suite> <!-- Default suite -->
</testng-results>
